\BOOKMARK [1][-]{section*.4}{\376\377\004\022\004\062\004\065\004\064\004\065\004\075\004\070\004\065}{}% 1
\BOOKMARK [1][-]{section.1}{\376\377\004\036\004\061\004\067\004\076\004\100\000\040\004\077\004\100\004\076\004\106\004\065\004\101\004\101\004\060\000\040\004\063\004\076\004\100\004\117\004\107\004\065\004\071\000\040\004\077\004\100\004\076\004\072\004\060\004\102\004\072\004\070\000\040\004\070\000\040\004\077\004\076\004\101\004\102\004\060\004\075\004\076\004\062\004\072\004\060\000\040\004\067\004\060\004\064\004\060\004\107\004\070}{}% 2
\BOOKMARK [2][-]{subsection.1.1}{\376\377\004\037\004\100\004\076\004\106\004\065\004\101\004\101\000\040\004\063\004\076\004\100\004\117\004\107\004\065\004\071\000\040\004\077\004\100\004\076\004\072\004\060\004\102\004\072\004\070}{section.1}% 3
\BOOKMARK [2][-]{subsection.1.2}{\376\377\004\042\004\065\004\105\004\075\004\076\004\073\004\076\004\063\004\070\004\117\000\040\004\077\004\100\004\076\004\070\004\067\004\062\004\076\004\064\004\101\004\102\004\062\004\060\000\040\004\037\004\020\004\036\000\040\000<\000<\004\035\004\033\004\034\004\032\000>\000>}{section.1}% 4
\BOOKMARK [2][-]{subsection.1.3}{\376\377\004\037\004\076\004\101\004\102\004\060\004\075\004\076\004\062\004\072\004\060\000\040\004\067\004\060\004\064\004\060\004\107\004\070}{section.1}% 5
\BOOKMARK [1][-]{section.2}{\376\377\004\034\004\060\004\102\004\065\004\074\004\060\004\102\004\070\004\107\004\065\004\101\004\072\004\060\004\117\000\040\004\074\004\076\004\064\004\065\004\073\004\114\000\040\004\077\004\100\004\076\004\106\004\065\004\101\004\101\004\060\000,\000\040\004\076\004\077\004\102\004\070\004\074\004\070\004\067\004\060\004\106\004\070\004\117\000\040\004\077\004\100\004\076\004\106\004\065\004\101\004\101\004\060\000,\000\040\004\103\004\077\004\100\004\060\004\062\004\073\004\065\004\075\004\070\004\065\000\040\004\077\004\100\004\076\004\106\004\065\004\101\004\101\004\076\004\074}{}% 6
\BOOKMARK [2][-]{subsection.2.1}{\376\377\004\037\004\065\004\100\004\062\004\070\004\107\004\075\004\113\004\071\000\040\004\076\004\061\004\067\004\076\004\100\000\040\004\067\004\060\004\064\004\060\004\107\004\070}{section.2}% 7
\BOOKMARK [2][-]{subsection.2.2}{\376\377\004\035\004\065\004\077\004\100\004\065\004\100\004\113\004\062\004\075\004\060\004\117\000\040\004\074\004\076\004\064\004\065\004\073\004\114}{section.2}% 8
\BOOKMARK [2][-]{subsection.2.3}{\376\377\004\020\004\077\004\077\004\100\004\076\004\072\004\101\004\070\004\074\004\060\004\106\004\070\004\076\004\075\004\075\004\060\004\117\000\040\004\074\004\076\004\064\004\065\004\073\004\114}{section.2}% 9
\BOOKMARK [1][-]{section.3}{\376\377\004\037\004\100\004\076\004\063\004\100\004\060\004\074\004\074\004\075\004\076\004\065\000\040\004\076\004\061\004\065\004\101\004\077\004\065\004\107\004\065\004\075\004\070\004\065\000\040\004\064\004\073\004\117\000\040\004\100\004\065\004\110\004\065\004\075\004\070\004\117\000\040\004\077\004\076\004\101\004\102\004\060\004\062\004\073\004\065\004\075\004\075\004\076\004\071\000\040\004\067\004\060\004\064\004\060\004\107\004\070}{}% 10
\BOOKMARK [2][-]{subsection.3.1}{\376\377\004\022\004\062\004\065\004\064\004\065\004\075\004\070\004\065}{section.3}% 11
\BOOKMARK [2][-]{subsection.3.2}{\376\377\004\035\004\060\004\067\004\075\004\060\004\107\004\065\004\075\004\070\004\065\000\040\004\070\000\040\004\103\004\101\004\073\004\076\004\062\004\070\004\117\000\040\004\077\004\100\004\070\004\074\004\065\004\075\004\065\004\075\004\070\004\117}{section.3}% 12
\BOOKMARK [2][-]{subsection.3.3}{\376\377\004\037\004\076\004\064\004\063\004\076\004\102\004\076\004\062\004\072\004\060\000\040\004\072\000\040\004\100\004\060\004\061\004\076\004\102\004\065}{section.3}% 13
\BOOKMARK [2][-]{subsection.3.4}{\376\377\004\036\004\077\004\070\004\101\004\060\004\075\004\070\004\065\000\040\004\076\004\077\004\065\004\100\004\060\004\106\004\070\004\071}{section.3}% 14
\BOOKMARK [2][-]{subsection.3.5}{\376\377\004\020\004\062\004\060\004\100\004\070\004\071\004\075\004\113\004\065\000\040\004\101\004\070\004\102\004\103\004\060\004\106\004\070\004\070}{section.3}% 15
\BOOKMARK [2][-]{subsection.3.6}{\376\377\004\040\004\065\004\072\004\076\004\074\004\065\004\075\004\064\004\060\004\106\004\070\004\070\000\040\004\077\004\076\000\040\004\076\004\101\004\062\004\076\004\065\004\075\004\070\004\116}{section.3}% 16
\BOOKMARK [1][-]{section.4}{\376\377\004\047\004\070\004\101\004\073\004\065\004\075\004\075\004\076\004\065\000\040\004\100\004\065\004\110\004\065\004\075\004\070\004\065\000\040\004\077\004\076\004\101\004\102\004\060\004\062\004\073\004\065\004\075\004\075\004\076\004\071\000\040\004\067\004\060\004\064\004\060\004\107\004\070}{}% 17
\BOOKMARK [1][-]{section*.14}{\376\377\004\027\004\060\004\072\004\073\004\116\004\107\004\065\004\075\004\070\004\065}{}% 18
\BOOKMARK [1][-]{section*.14}{\376\377\004\041\004\077\004\070\004\101\004\076\004\072\000\040\004\070\004\101\004\077\004\076\004\073\004\114\004\067\004\076\004\062\004\060\004\075\004\075\004\113\004\105\000\040\004\070\004\101\004\102\004\076\004\107\004\075\004\070\004\072\004\076\004\062}{}% 19
\BOOKMARK [1][-]{section*.16}{\376\377\004\037\004\100\004\070\004\073\004\076\004\066\004\065\004\075\004\070\004\117}{}% 20
